[GIN-debug] [WARNING] Creating an Engine instance with the Logger and Recovery middleware already attached.

[GIN-debug] [WARNING] Running in "debug" mode. Switch to "release" mode in production.
 - using env:	export GIN_MODE=release
 - using code:	gin.SetMode(gin.ReleaseMode)

[GIN-debug] GET    /style/*filepath          --> github.com/gin-gonic/gin.(*RouterGroup).createStaticHandler.func1 (3 handlers)
[GIN-debug] HEAD   /style/*filepath          --> github.com/gin-gonic/gin.(*RouterGroup).createStaticHandler.func1 (3 handlers)
[GIN-debug] Loaded HTML Templates (4): 
	- 
	- footer.html
	- header.html
	- index.html

[GIN-debug] GET    /api/v1/album/            --> gin/controller.GetAllAlbums (3 handlers)
[GIN-debug] GET    /api/v1/album/:id         --> gin/controller.GetAlbumByID (3 handlers)
[GIN-debug] POST   /api/v1/album/            --> gin/controller.CreateAlbum (3 handlers)
[GIN-debug] GET    /api/v1/auth/basic        --> gin/controller.BasicAuth (4 handlers)
[GIN-debug] POST   /api/v1/auth/register     --> gin/controller.Register (3 handlers)
[GIN-debug] POST   /api/v1/auth/login        --> gin/controller.Login (3 handlers)
[GIN-debug] GET    /api/v1/user/             --> gin/controller.Me (4 handlers)
[GIN-debug] GET    /                         --> gin/controller.Index (3 handlers)
[GIN-debug] [WARNING] You trusted all proxies, this is NOT safe. We recommend you to set a value.
Please check https://pkg.go.dev/github.com/gin-gonic/gin#readme-don-t-trust-all-proxies for details.
[GIN-debug] Listening and serving HTTP on localhost:3000
[GIN] 2023/07/18 - 17:10:54 |[97;42m 200 [0m|    2.780333ms |       127.0.0.1 |[97;44m GET     [0m "/"
[GIN] 2023/07/18 - 17:10:54 |[90;47m 304 [0m|     125.083µs |       127.0.0.1 |[97;44m GET     [0m "/style/style.css"
[GIN] 2023/07/18 - 17:10:54 |[90;43m 404 [0m|         334ns |       127.0.0.1 |[97;44m GET     [0m "/favicon.ico"
